[0927/225232.532:ERROR:process_memory_win.cc(73)] ReadMemory at 0x7ff6641a0000 of 64 bytes failed: Only part of a ReadProcessMemory or WriteProcessMemory request was completed. (0x12B)
[0927/225232.535:WARNING:pe_image_reader.cc(340)] could not read dos header from C:\Program Files\Google\Chrome\Application\chrome.exe
[0927/225232.535:ERROR:process_memory_win.cc(73)] ReadMemory at 0x7ff91d8d0000 of 64 bytes failed: Only part of a ReadProcessMemory or WriteProcessMemory request was completed. (0x12B)
[0927/225232.535:WARNING:pe_image_reader.cc(340)] could not read dos header from C:\WINDOWS\SYSTEM32\ntdll.dll
[0927/225232.535:ERROR:process_memory_win.cc(73)] ReadMemory at 0x7ff91c1f0000 of 64 bytes failed: Only part of a ReadProcessMemory or WriteProcessMemory request was completed. (0x12B)
[0927/225232.535:WARNING:pe_image_reader.cc(340)] could not read dos header from C:\WINDOWS\System32\KERNEL32.DLL
[0927/225232.535:ERROR:process_memory_win.cc(73)] ReadMemory at 0x7ff91b2d0000 of 64 bytes failed: Only part of a ReadProcessMemory or WriteProcessMemory request was completed. (0x12B)
[0927/225232.535:WARNING:pe_image_reader.cc(340)] could not read dos header from C:\WINDOWS\System32\KERNELBASE.dll
[0927/225232.536:ERROR:process_memory_win.cc(73)] ReadMemory at 0x7ff8f3f90000 of 64 bytes failed: Only part of a ReadProcessMemory or WriteProcessMemory request was completed. (0x12B)
[0927/225232.536:WARNING:pe_image_reader.cc(340)] could not read dos header from C:\Program Files\Google\Chrome\Application\85.0.4183.121\chrome_elf.dll
[0927/225232.536:ERROR:process_memory_win.cc(73)] ReadMemory at 0x7ff912cb0000 of 64 bytes failed: Only part of a ReadProcessMemory or WriteProcessMemory request was completed. (0x12B)
[0927/225232.536:WARNING:pe_image_reader.cc(340)] could not read dos header from C:\WINDOWS\SYSTEM32\VERSION.dll
[0927/225232.536:ERROR:process_memory_win.cc(73)] ReadMemory at 0x7ff91bfa0000 of 64 bytes failed: Only part of a ReadProcessMemory or WriteProcessMemory request was completed. (0x12B)
[0927/225232.536:WARNING:pe_image_reader.cc(340)] could not read dos header from C:\WINDOWS\System32\msvcrt.dll
[0927/225232.536:ERROR:process_memory_win.cc(73)] ReadMemory at 0x7ff91d6d0000 of 64 bytes failed: Only part of a ReadProcessMemory or WriteProcessMemory request was completed. (0x12B)
[0927/225232.536:WARNING:pe_image_reader.cc(340)] could not read dos header from C:\WINDOWS\System32\ADVAPI32.dll
[0927/225232.536:ERROR:process_memory_win.cc(73)] ReadMemory at 0x7ff91bbc0000 of 64 bytes failed: Only part of a ReadProcessMemory or WriteProcessMemory request was completed. (0x12B)
[0927/225232.536:WARNING:pe_image_reader.cc(340)] could not read dos header from C:\WINDOWS\System32\sechost.dll
[0927/225232.536:ERROR:process_memory_win.cc(73)] ReadMemory at 0x7ff91b940000 of 64 bytes failed: Only part of a ReadProcessMemory or WriteProcessMemory request was completed. (0x12B)
[0927/225232.537:WARNING:pe_image_reader.cc(340)] could not read dos header from C:\WINDOWS\System32\RPCRT4.dll
[0927/225232.537:ERROR:process_memory_win.cc(73)] ReadMemory at 0x7ff8ad670000 of 64 bytes failed: Only part of a ReadProcessMemory or WriteProcessMemory request was completed. (0x12B)
[0927/225232.537:WARNING:pe_image_reader.cc(340)] could not read dos header from C:\Program Files\Google\Chrome\Application\85.0.4183.121\chrome.dll
[0927/225232.537:ERROR:process_memory_win.cc(73)] ReadMemory at 0x7ff91be30000 of 64 bytes failed: Only part of a ReadProcessMemory or WriteProcessMemory request was completed. (0x12B)
[0927/225232.537:WARNING:pe_image_reader.cc(340)] could not read dos header from C:\WINDOWS\System32\WS2_32.dll
[0927/225232.538:ERROR:process_memory_win.cc(73)] ReadMemory at 0x7ff91c9a0000 of 64 bytes failed: Only part of a ReadProcessMemory or WriteProcessMemory request was completed. (0x12B)
[0927/225232.538:WARNING:pe_image_reader.cc(340)] could not read dos header from C:\WINDOWS\System32\OLEAUT32.dll
[0927/225232.538:ERROR:process_memory_win.cc(73)] ReadMemory at 0x7ff91b230000 of 64 bytes failed: Only part of a ReadProcessMemory or WriteProcessMemory request was completed. (0x12B)
[0927/225232.538:WARNING:pe_image_reader.cc(340)] could not read dos header from C:\WINDOWS\System32\msvcp_win.dll
[0927/225232.538:ERROR:process_memory_win.cc(73)] ReadMemory at 0x7ff91b700000 of 64 bytes failed: Only part of a ReadProcessMemory or WriteProcessMemory request was completed. (0x12B)
[0927/225232.538:WARNING:pe_image_reader.cc(340)] could not read dos header from C:\WINDOWS\System32\ucrtbase.dll
[0927/225232.538:ERROR:process_memory_win.cc(73)] ReadMemory at 0x7ff91d370000 of 64 bytes failed: Only part of a ReadProcessMemory or WriteProcessMemory request was completed. (0x12B)
[0927/225232.539:WARNING:pe_image_reader.cc(340)] could not read dos header from C:\WINDOWS\System32\combase.dll
[0927/225232.539:ERROR:process_memory_win.cc(73)] ReadMemory at 0x7ff91b8d0000 of 64 bytes failed: Only part of a ReadProcessMemory or WriteProcessMemory request was completed. (0x12B)
[0927/225232.539:WARNING:pe_image_reader.cc(340)] could not read dos header from C:\WINDOWS\System32\WINTRUST.dll
[0927/225232.539:ERROR:process_memory_win.cc(73)] ReadMemory at 0x7ff91b5a0000 of 64 bytes failed: Only part of a ReadProcessMemory or WriteProcessMemory request was completed. (0x12B)
[0927/225232.539:WARNING:pe_image_reader.cc(340)] could not read dos header from C:\WINDOWS\System32\CRYPT32.dll
[0927/225232.539:ERROR:process_memory_win.cc(73)] ReadMemory at 0x7ff91a4a0000 of 64 bytes failed: Only part of a ReadProcessMemory or WriteProcessMemory request was completed. (0x12B)
[0927/225232.539:WARNING:pe_image_reader.cc(340)] could not read dos header from C:\WINDOWS\SYSTEM32\IPHLPAPI.DLL
[0927/225232.539:ERROR:process_memory_win.cc(73)] ReadMemory at 0x7ff911bd0000 of 64 bytes failed: Only part of a ReadProcessMemory or WriteProcessMemory request was completed. (0x12B)
[0927/225232.539:WARNING:pe_image_reader.cc(340)] could not read dos header from C:\WINDOWS\SYSTEM32\WINMM.dll
[0927/225232.540:ERROR:process_memory_win.cc(73)] ReadMemory at 0x7ff8e7600000 of 64 bytes failed: Only part of a ReadProcessMemory or WriteProcessMemory request was completed. (0x12B)
[0927/225232.540:WARNING:pe_image_reader.cc(340)] could not read dos header from C:\WINDOWS\SYSTEM32\UIAutomationCore.DLL
[0927/225232.540:ERROR:process_memory_win.cc(73)] ReadMemory at 0x7ff90d950000 of 64 bytes failed: Only part of a ReadProcessMemory or WriteProcessMemory request was completed. (0x12B)
[0927/225232.540:WARNING:pe_image_reader.cc(340)] could not read dos header from C:\WINDOWS\SYSTEM32\Secur32.dll
[0927/225232.540:ERROR:process_memory_win.cc(73)] ReadMemory at 0x7ff91af00000 of 64 bytes failed: Only part of a ReadProcessMemory or WriteProcessMemory request was completed. (0x12B)
[0927/225232.541:WARNING:pe_image_reader.cc(340)] could not read dos header from C:\WINDOWS\SYSTEM32\USERENV.dll
[0927/225232.541:ERROR:process_memory_win.cc(73)] ReadMemory at 0x7ff8f7500000 of 64 bytes failed: Only part of a ReadProcessMemory or WriteProcessMemory request was completed. (0x12B)
[0927/225232.541:WARNING:pe_image_reader.cc(340)] could not read dos header from C:\WINDOWS\SYSTEM32\DWrite.dll
[0927/225232.541:ERROR:process_memory_win.cc(73)] ReadMemory at 0x7ff908d50000 of 64 bytes failed: Only part of a ReadProcessMemory or WriteProcessMemory request was completed. (0x12B)
[0927/225232.542:WARNING:pe_image_reader.cc(340)] could not read dos header from C:\WINDOWS\SYSTEM32\WINSPOOL.DRV
[0927/225232.542:ERROR:process_memory_win.cc(73)] ReadMemory at 0x7ff9195d0000 of 64 bytes failed: Only part of a ReadProcessMemory or WriteProcessMemory request was completed. (0x12B)
[0927/225232.542:WARNING:pe_image_reader.cc(340)] could not read dos header from C:\WINDOWS\SYSTEM32\dbghelp.dll
[0927/225232.542:ERROR:process_memory_win.cc(73)] ReadMemory at 0x7ff912890000 of 64 bytes failed: Only part of a ReadProcessMemory or WriteProcessMemory request was completed. (0x12B)
[0927/225232.542:WARNING:pe_image_reader.cc(340)] could not read dos header from C:\WINDOWS\SYSTEM32\WINHTTP.dll
[0927/225232.543:ERROR:process_memory_win.cc(73)] ReadMemory at 0x7ff912cc0000 of 64 bytes failed: Only part of a ReadProcessMemory or WriteProcessMemory request was completed. (0x12B)
[0927/225232.543:WARNING:pe_image_reader.cc(340)] could not read dos header from C:\WINDOWS\SYSTEM32\dhcpcsvc.DLL
[0927/225232.543:ERROR:process_memory_win.cc(73)] ReadMemory at 0x7ff9183c0000 of 64 bytes failed: Only part of a ReadProcessMemory or WriteProcessMemory request was completed. (0x12B)
[0927/225232.543:WARNING:pe_image_reader.cc(340)] could not read dos header from C:\WINDOWS\SYSTEM32\PROPSYS.dll
[0927/225232.543:ERROR:process_memory_win.cc(73)] ReadMemory at 0x7ff91aec0000 of 64 bytes failed: Only part of a ReadProcessMemory or WriteProcessMemory request was completed. (0x12B)
[0927/225232.544:WARNING:pe_image_reader.cc(340)] could not read dos header from C:\WINDOWS\SYSTEM32\SSPICLI.DLL
[0927/225232.544:ERROR:process_memory_win.cc(73)] ReadMemory at 0x7ff91ac00000 of 64 bytes failed: Only part of a ReadProcessMemory or WriteProcessMemory request was completed. (0x12B)
[0927/225232.544:WARNING:pe_image_reader.cc(340)] could not read dos header from C:\WINDOWS\System32\MSASN1.dll
[0927/225232.544:ERROR:process_memory_win.cc(73)] ReadMemory at 0x7ff91b850000 of 64 bytes failed: Only part of a ReadProcessMemory or WriteProcessMemory request was completed. (0x12B)
[0927/225232.544:WARNING:pe_image_reader.cc(340)] could not read dos header from C:\WINDOWS\System32\bcryptPrimitives.dll
[0927/225232.544:ERROR:process_memory_win.cc(73)] ReadMemory at 0x7ff91a9f0000 of 64 bytes failed: Only part of a ReadProcessMemory or WriteProcessMemory request was completed. (0x12B)
[0927/225232.544:WARNING:pe_image_reader.cc(340)] could not read dos header from C:\WINDOWS\SYSTEM32\CRYPTBASE.DLL
[0927/225232.554:ERROR:process_memory_win.cc(73)] ReadMemory at 0x7ff6641a0000 of 64 bytes failed: Only part of a ReadProcessMemory or WriteProcessMemory request was completed. (0x12B)
[0927/225232.554:WARNING:pe_image_reader.cc(340)] could not read dos header from C:\Program Files\Google\Chrome\Application\chrome.exe
[0927/225232.554:ERROR:process_memory_win.cc(73)] ReadMemory at 0x7ff91d8d0000 of 64 bytes failed: Only part of a ReadProcessMemory or WriteProcessMemory request was completed. (0x12B)
[0927/225232.554:WARNING:pe_image_reader.cc(340)] could not read dos header from C:\WINDOWS\SYSTEM32\ntdll.dll
[0927/225232.554:ERROR:process_memory_win.cc(73)] ReadMemory at 0x7ff91c1f0000 of 64 bytes failed: Only part of a ReadProcessMemory or WriteProcessMemory request was completed. (0x12B)
[0927/225232.554:WARNING:pe_image_reader.cc(340)] could not read dos header from C:\WINDOWS\System32\KERNEL32.DLL
[0927/225232.554:ERROR:process_memory_win.cc(73)] ReadMemory at 0x7ff91b2d0000 of 64 bytes failed: Only part of a ReadProcessMemory or WriteProcessMemory request was completed. (0x12B)
[0927/225232.554:WARNING:pe_image_reader.cc(340)] could not read dos header from C:\WINDOWS\System32\KERNELBASE.dll
[0927/225232.554:ERROR:process_memory_win.cc(73)] ReadMemory at 0x7ff8f3f90000 of 64 bytes failed: Only part of a ReadProcessMemory or WriteProcessMemory request was completed. (0x12B)
[0927/225232.554:WARNING:pe_image_reader.cc(340)] could not read dos header from C:\Program Files\Google\Chrome\Application\85.0.4183.121\chrome_elf.dll
[0927/225232.554:ERROR:process_memory_win.cc(73)] ReadMemory at 0x7ff912cb0000 of 64 bytes failed: Only part of a ReadProcessMemory or WriteProcessMemory request was completed. (0x12B)
[0927/225232.554:WARNING:pe_image_reader.cc(340)] could not read dos header from C:\WINDOWS\SYSTEM32\VERSION.dll
[0927/225232.554:ERROR:process_memory_win.cc(73)] ReadMemory at 0x7ff91bfa0000 of 64 bytes failed: Only part of a ReadProcessMemory or WriteProcessMemory request was completed. (0x12B)
[0927/225232.554:WARNING:pe_image_reader.cc(340)] could not read dos header from C:\WINDOWS\System32\msvcrt.dll
[0927/225232.555:ERROR:process_memory_win.cc(73)] ReadMemory at 0x7ff91d6d0000 of 64 bytes failed: Only part of a ReadProcessMemory or WriteProcessMemory request was completed. (0x12B)
[0927/225232.555:WARNING:pe_image_reader.cc(340)] could not read dos header from C:\WINDOWS\System32\ADVAPI32.dll
[0927/225232.555:ERROR:process_memory_win.cc(73)] ReadMemory at 0x7ff91bbc0000 of 64 bytes failed: Only part of a ReadProcessMemory or WriteProcessMemory request was completed. (0x12B)
[0927/225232.556:WARNING:pe_image_reader.cc(340)] could not read dos header from C:\WINDOWS\System32\sechost.dll
[0927/225232.556:ERROR:process_memory_win.cc(73)] ReadMemory at 0x7ff91b940000 of 64 bytes failed: Only part of a ReadProcessMemory or WriteProcessMemory request was completed. (0x12B)
[0927/225232.556:WARNING:pe_image_reader.cc(340)] could not read dos header from C:\WINDOWS\System32\RPCRT4.dll
[0927/225232.556:ERROR:process_memory_win.cc(73)] ReadMemory at 0x7ff8ad670000 of 64 bytes failed: Only part of a ReadProcessMemory or WriteProcessMemory request was completed. (0x12B)
[0927/225232.556:WARNING:pe_image_reader.cc(340)] could not read dos header from C:\Program Files\Google\Chrome\Application\85.0.4183.121\chrome.dll
[0927/225232.556:ERROR:process_memory_win.cc(73)] ReadMemory at 0x7ff91be30000 of 64 bytes failed: Only part of a ReadProcessMemory or WriteProcessMemory request was completed. (0x12B)
[0927/225232.558:WARNING:pe_image_reader.cc(340)] could not read dos header from C:\WINDOWS\System32\WS2_32.dll
[0927/225232.558:ERROR:process_memory_win.cc(73)] ReadMemory at 0x7ff91c9a0000 of 64 bytes failed: Only part of a ReadProcessMemory or WriteProcessMemory request was completed. (0x12B)
[0927/225232.559:WARNING:pe_image_reader.cc(340)] could not read dos header from C:\WINDOWS\System32\OLEAUT32.dll
[0927/225232.559:ERROR:process_memory_win.cc(73)] ReadMemory at 0x7ff91b230000 of 64 bytes failed: Only part of a ReadProcessMemory or WriteProcessMemory request was completed. (0x12B)
[0927/225232.559:WARNING:pe_image_reader.cc(340)] could not read dos header from C:\WINDOWS\System32\msvcp_win.dll
[0927/225232.559:ERROR:process_memory_win.cc(73)] ReadMemory at 0x7ff91b700000 of 64 bytes failed: Only part of a ReadProcessMemory or WriteProcessMemory request was completed. (0x12B)
[0927/225232.560:WARNING:pe_image_reader.cc(340)] could not read dos header from C:\WINDOWS\System32\ucrtbase.dll
[0927/225232.560:ERROR:process_memory_win.cc(73)] ReadMemory at 0x7ff91d370000 of 64 bytes failed: Only part of a ReadProcessMemory or WriteProcessMemory request was completed. (0x12B)
[0927/225232.560:WARNING:pe_image_reader.cc(340)] could not read dos header from C:\WINDOWS\System32\combase.dll
[0927/225232.560:ERROR:process_memory_win.cc(73)] ReadMemory at 0x7ff91b8d0000 of 64 bytes failed: Only part of a ReadProcessMemory or WriteProcessMemory request was completed. (0x12B)
[0927/225232.560:WARNING:pe_image_reader.cc(340)] could not read dos header from C:\WINDOWS\System32\WINTRUST.dll
[0927/225232.560:ERROR:process_memory_win.cc(73)] ReadMemory at 0x7ff91b5a0000 of 64 bytes failed: Only part of a ReadProcessMemory or WriteProcessMemory request was completed. (0x12B)
[0927/225232.561:WARNING:pe_image_reader.cc(340)] could not read dos header from C:\WINDOWS\System32\CRYPT32.dll
[0927/225232.561:ERROR:process_memory_win.cc(73)] ReadMemory at 0x7ff91a4a0000 of 64 bytes failed: Only part of a ReadProcessMemory or WriteProcessMemory request was completed. (0x12B)
[0927/225232.561:WARNING:pe_image_reader.cc(340)] could not read dos header from C:\WINDOWS\SYSTEM32\IPHLPAPI.DLL
[0927/225232.561:ERROR:process_memory_win.cc(73)] ReadMemory at 0x7ff911bd0000 of 64 bytes failed: Only part of a ReadProcessMemory or WriteProcessMemory request was completed. (0x12B)
[0927/225232.561:WARNING:pe_image_reader.cc(340)] could not read dos header from C:\WINDOWS\SYSTEM32\WINMM.dll
[0927/225232.561:ERROR:process_memory_win.cc(73)] ReadMemory at 0x7ff8e7600000 of 64 bytes failed: Only part of a ReadProcessMemory or WriteProcessMemory request was completed. (0x12B)
[0927/225232.561:WARNING:pe_image_reader.cc(340)] could not read dos header from C:\WINDOWS\SYSTEM32\UIAutomationCore.DLL
[0927/225232.561:ERROR:process_memory_win.cc(73)] ReadMemory at 0x7ff90d950000 of 64 bytes failed: Only part of a ReadProcessMemory or WriteProcessMemory request was completed. (0x12B)
[0927/225232.562:WARNING:pe_image_reader.cc(340)] could not read dos header from C:\WINDOWS\SYSTEM32\Secur32.dll
[0927/225232.562:ERROR:process_memory_win.cc(73)] ReadMemory at 0x7ff91af00000 of 64 bytes failed: Only part of a ReadProcessMemory or WriteProcessMemory request was completed. (0x12B)
[0927/225232.562:WARNING:pe_image_reader.cc(340)] could not read dos header from C:\WINDOWS\SYSTEM32\USERENV.dll
[0927/225232.562:ERROR:process_memory_win.cc(73)] ReadMemory at 0x7ff8f7500000 of 64 bytes failed: Only part of a ReadProcessMemory or WriteProcessMemory request was completed. (0x12B)
[0927/225232.562:WARNING:pe_image_reader.cc(340)] could not read dos header from C:\WINDOWS\SYSTEM32\DWrite.dll
[0927/225232.562:ERROR:process_memory_win.cc(73)] ReadMemory at 0x7ff908d50000 of 64 bytes failed: Only part of a ReadProcessMemory or WriteProcessMemory request was completed. (0x12B)
[0927/225232.562:WARNING:pe_image_reader.cc(340)] could not read dos header from C:\WINDOWS\SYSTEM32\WINSPOOL.DRV
[0927/225232.562:ERROR:process_memory_win.cc(73)] ReadMemory at 0x7ff9195d0000 of 64 bytes failed: Only part of a ReadProcessMemory or WriteProcessMemory request was completed. (0x12B)
[0927/225232.563:WARNING:pe_image_reader.cc(340)] could not read dos header from C:\WINDOWS\SYSTEM32\dbghelp.dll
[0927/225232.563:ERROR:process_memory_win.cc(73)] ReadMemory at 0x7ff912890000 of 64 bytes failed: Only part of a ReadProcessMemory or WriteProcessMemory request was completed. (0x12B)
[0927/225232.563:WARNING:pe_image_reader.cc(340)] could not read dos header from C:\WINDOWS\SYSTEM32\WINHTTP.dll
[0927/225232.563:ERROR:process_memory_win.cc(73)] ReadMemory at 0x7ff912cc0000 of 64 bytes failed: Only part of a ReadProcessMemory or WriteProcessMemory request was completed. (0x12B)
[0927/225232.563:WARNING:pe_image_reader.cc(340)] could not read dos header from C:\WINDOWS\SYSTEM32\dhcpcsvc.DLL
[0927/225232.563:ERROR:process_memory_win.cc(73)] ReadMemory at 0x7ff9183c0000 of 64 bytes failed: Only part of a ReadProcessMemory or WriteProcessMemory request was completed. (0x12B)
[0927/225232.563:WARNING:pe_image_reader.cc(340)] could not read dos header from C:\WINDOWS\SYSTEM32\PROPSYS.dll
[0927/225232.563:ERROR:process_memory_win.cc(73)] ReadMemory at 0x7ff91aec0000 of 64 bytes failed: Only part of a ReadProcessMemory or WriteProcessMemory request was completed. (0x12B)
[0927/225232.563:WARNING:pe_image_reader.cc(340)] could not read dos header from C:\WINDOWS\SYSTEM32\SSPICLI.DLL
[0927/225232.563:ERROR:process_memory_win.cc(73)] ReadMemory at 0x7ff91ac00000 of 64 bytes failed: Only part of a ReadProcessMemory or WriteProcessMemory request was completed. (0x12B)
[0927/225232.563:WARNING:pe_image_reader.cc(340)] could not read dos header from C:\WINDOWS\System32\MSASN1.dll
[0927/225232.565:ERROR:process_memory_win.cc(73)] ReadMemory at 0x7ff91b850000 of 64 bytes failed: Only part of a ReadProcessMemory or WriteProcessMemory request was completed. (0x12B)
[0927/225232.565:WARNING:pe_image_reader.cc(340)] could not read dos header from C:\WINDOWS\System32\bcryptPrimitives.dll
[0927/225232.565:ERROR:process_memory_win.cc(73)] ReadMemory at 0x7ff91a9f0000 of 64 bytes failed: Only part of a ReadProcessMemory or WriteProcessMemory request was completed. (0x12B)
[0927/225232.565:WARNING:pe_image_reader.cc(340)] could not read dos header from C:\WINDOWS\SYSTEM32\CRYPTBASE.DLL
[0927/225232.565:ERROR:process_memory_win.cc(73)] ReadMemory at 0x7ff6641a0000 of 64 bytes failed: Only part of a ReadProcessMemory or WriteProcessMemory request was completed. (0x12B)
[0927/225232.565:WARNING:pe_image_reader.cc(340)] could not read dos header from C:\Program Files\Google\Chrome\Application\chrome.exe
[0927/225232.565:ERROR:process_memory_win.cc(73)] ReadMemory at 0x7ff91d8d0000 of 64 bytes failed: Only part of a ReadProcessMemory or WriteProcessMemory request was completed. (0x12B)
[0927/225232.566:WARNING:pe_image_reader.cc(340)] could not read dos header from C:\WINDOWS\SYSTEM32\ntdll.dll
[0927/225232.567:ERROR:process_memory_win.cc(73)] ReadMemory at 0x7ff91c1f0000 of 64 bytes failed: Only part of a ReadProcessMemory or WriteProcessMemory request was completed. (0x12B)
[0927/225232.567:WARNING:pe_image_reader.cc(340)] could not read dos header from C:\WINDOWS\System32\KERNEL32.DLL
[0927/225232.567:ERROR:process_memory_win.cc(73)] ReadMemory at 0x7ff91b2d0000 of 64 bytes failed: Only part of a ReadProcessMemory or WriteProcessMemory request was completed. (0x12B)
[0927/225232.567:WARNING:pe_image_reader.cc(340)] could not read dos header from C:\WINDOWS\System32\KERNELBASE.dll
[0927/225232.567:ERROR:process_memory_win.cc(73)] ReadMemory at 0x7ff8f3f90000 of 64 bytes failed: Only part of a ReadProcessMemory or WriteProcessMemory request was completed. (0x12B)
[0927/225232.567:WARNING:pe_image_reader.cc(340)] could not read dos header from C:\Program Files\Google\Chrome\Application\85.0.4183.121\chrome_elf.dll
[0927/225232.567:ERROR:process_memory_win.cc(73)] ReadMemory at 0x7ff912cb0000 of 64 bytes failed: Only part of a ReadProcessMemory or WriteProcessMemory request was completed. (0x12B)
[0927/225232.567:WARNING:pe_image_reader.cc(340)] could not read dos header from C:\WINDOWS\SYSTEM32\VERSION.dll
[0927/225232.567:ERROR:process_memory_win.cc(73)] ReadMemory at 0x7ff91bfa0000 of 64 bytes failed: Only part of a ReadProcessMemory or WriteProcessMemory request was completed. (0x12B)
[0927/225232.567:WARNING:pe_image_reader.cc(340)] could not read dos header from C:\WINDOWS\System32\msvcrt.dll
[0927/225232.567:ERROR:process_memory_win.cc(73)] ReadMemory at 0x7ff91d6d0000 of 64 bytes failed: Only part of a ReadProcessMemory or WriteProcessMemory request was completed. (0x12B)
[0927/225232.567:WARNING:pe_image_reader.cc(340)] could not read dos header from C:\WINDOWS\System32\ADVAPI32.dll
[0927/225232.567:ERROR:process_memory_win.cc(73)] ReadMemory at 0x7ff91bbc0000 of 64 bytes failed: Only part of a ReadProcessMemory or WriteProcessMemory request was completed. (0x12B)
[0927/225232.567:WARNING:pe_image_reader.cc(340)] could not read dos header from C:\WINDOWS\System32\sechost.dll
[0927/225232.568:ERROR:process_memory_win.cc(73)] ReadMemory at 0x7ff91b940000 of 64 bytes failed: Only part of a ReadProcessMemory or WriteProcessMemory request was completed. (0x12B)
[0927/225232.568:WARNING:pe_image_reader.cc(340)] could not read dos header from C:\WINDOWS\System32\RPCRT4.dll
[0927/225232.568:ERROR:process_memory_win.cc(73)] ReadMemory at 0x7ff8ad670000 of 64 bytes failed: Only part of a ReadProcessMemory or WriteProcessMemory request was completed. (0x12B)
[0927/225232.568:WARNING:pe_image_reader.cc(340)] could not read dos header from C:\Program Files\Google\Chrome\Application\85.0.4183.121\chrome.dll
[0927/225232.568:ERROR:process_memory_win.cc(73)] ReadMemory at 0x7ff91be30000 of 64 bytes failed: Only part of a ReadProcessMemory or WriteProcessMemory request was completed. (0x12B)
[0927/225232.568:WARNING:pe_image_reader.cc(340)] could not read dos header from C:\WINDOWS\System32\WS2_32.dll
[0927/225232.568:ERROR:process_memory_win.cc(73)] ReadMemory at 0x7ff91c9a0000 of 64 bytes failed: Only part of a ReadProcessMemory or WriteProcessMemory request was completed. (0x12B)
[0927/225232.568:WARNING:pe_image_reader.cc(340)] could not read dos header from C:\WINDOWS\System32\OLEAUT32.dll
[0927/225232.568:ERROR:process_memory_win.cc(73)] ReadMemory at 0x7ff91b230000 of 64 bytes failed: Only part of a ReadProcessMemory or WriteProcessMemory request was completed. (0x12B)
[0927/225232.568:WARNING:pe_image_reader.cc(340)] could not read dos header from C:\WINDOWS\System32\msvcp_win.dll
[0927/225232.568:ERROR:process_memory_win.cc(73)] ReadMemory at 0x7ff91b700000 of 64 bytes failed: Only part of a ReadProcessMemory or WriteProcessMemory request was completed. (0x12B)
[0927/225232.568:WARNING:pe_image_reader.cc(340)] could not read dos header from C:\WINDOWS\System32\ucrtbase.dll
[0927/225232.568:ERROR:process_memory_win.cc(73)] ReadMemory at 0x7ff91d370000 of 64 bytes failed: Only part of a ReadProcessMemory or WriteProcessMemory request was completed. (0x12B)
[0927/225232.568:WARNING:pe_image_reader.cc(340)] could not read dos header from C:\WINDOWS\System32\combase.dll
[0927/225232.568:ERROR:process_memory_win.cc(73)] ReadMemory at 0x7ff91b8d0000 of 64 bytes failed: Only part of a ReadProcessMemory or WriteProcessMemory request was completed. (0x12B)
[0927/225232.569:WARNING:pe_image_reader.cc(340)] could not read dos header from C:\WINDOWS\System32\WINTRUST.dll
[0927/225232.569:ERROR:process_memory_win.cc(73)] ReadMemory at 0x7ff91b5a0000 of 64 bytes failed: Only part of a ReadProcessMemory or WriteProcessMemory request was completed. (0x12B)
[0927/225232.569:WARNING:pe_image_reader.cc(340)] could not read dos header from C:\WINDOWS\System32\CRYPT32.dll
[0927/225232.569:ERROR:process_memory_win.cc(73)] ReadMemory at 0x7ff91a4a0000 of 64 bytes failed: Only part of a ReadProcessMemory or WriteProcessMemory request was completed. (0x12B)
[0927/225232.569:WARNING:pe_image_reader.cc(340)] could not read dos header from C:\WINDOWS\SYSTEM32\IPHLPAPI.DLL
[0927/225232.569:ERROR:process_memory_win.cc(73)] ReadMemory at 0x7ff911bd0000 of 64 bytes failed: Only part of a ReadProcessMemory or WriteProcessMemory request was completed. (0x12B)
[0927/225232.569:WARNING:pe_image_reader.cc(340)] could not read dos header from C:\WINDOWS\SYSTEM32\WINMM.dll
[0927/225232.569:ERROR:process_memory_win.cc(73)] ReadMemory at 0x7ff8e7600000 of 64 bytes failed: Only part of a ReadProcessMemory or WriteProcessMemory request was completed. (0x12B)
[0927/225232.569:WARNING:pe_image_reader.cc(340)] could not read dos header from C:\WINDOWS\SYSTEM32\UIAutomationCore.DLL
[0927/225232.569:ERROR:process_memory_win.cc(73)] ReadMemory at 0x7ff90d950000 of 64 bytes failed: Only part of a ReadProcessMemory or WriteProcessMemory request was completed. (0x12B)
[0927/225232.569:WARNING:pe_image_reader.cc(340)] could not read dos header from C:\WINDOWS\SYSTEM32\Secur32.dll
[0927/225232.569:ERROR:process_memory_win.cc(73)] ReadMemory at 0x7ff91af00000 of 64 bytes failed: Only part of a ReadProcessMemory or WriteProcessMemory request was completed. (0x12B)
[0927/225232.569:WARNING:pe_image_reader.cc(340)] could not read dos header from C:\WINDOWS\SYSTEM32\USERENV.dll
[0927/225232.569:ERROR:process_memory_win.cc(73)] ReadMemory at 0x7ff8f7500000 of 64 bytes failed: Only part of a ReadProcessMemory or WriteProcessMemory request was completed. (0x12B)
[0927/225232.571:WARNING:pe_image_reader.cc(340)] could not read dos header from C:\WINDOWS\SYSTEM32\DWrite.dll
[0927/225232.571:ERROR:process_memory_win.cc(73)] ReadMemory at 0x7ff908d50000 of 64 bytes failed: Only part of a ReadProcessMemory or WriteProcessMemory request was completed. (0x12B)
[0927/225232.571:WARNING:pe_image_reader.cc(340)] could not read dos header from C:\WINDOWS\SYSTEM32\WINSPOOL.DRV
[0927/225232.572:ERROR:process_memory_win.cc(73)] ReadMemory at 0x7ff9195d0000 of 64 bytes failed: Only part of a ReadProcessMemory or WriteProcessMemory request was completed. (0x12B)
[0927/225232.572:WARNING:pe_image_reader.cc(340)] could not read dos header from C:\WINDOWS\SYSTEM32\dbghelp.dll
[0927/225232.573:ERROR:process_memory_win.cc(73)] ReadMemory at 0x7ff912890000 of 64 bytes failed: Only part of a ReadProcessMemory or WriteProcessMemory request was completed. (0x12B)
[0927/225232.573:WARNING:pe_image_reader.cc(340)] could not read dos header from C:\WINDOWS\SYSTEM32\WINHTTP.dll
[0927/225232.573:ERROR:process_memory_win.cc(73)] ReadMemory at 0x7ff912cc0000 of 64 bytes failed: Only part of a ReadProcessMemory or WriteProcessMemory request was completed. (0x12B)
[0927/225232.573:WARNING:pe_image_reader.cc(340)] could not read dos header from C:\WINDOWS\SYSTEM32\dhcpcsvc.DLL
[0927/225232.574:ERROR:process_memory_win.cc(73)] ReadMemory at 0x7ff9183c0000 of 64 bytes failed: Only part of a ReadProcessMemory or WriteProcessMemory request was completed. (0x12B)
[0927/225232.574:WARNING:pe_image_reader.cc(340)] could not read dos header from C:\WINDOWS\SYSTEM32\PROPSYS.dll
[0927/225232.574:ERROR:process_memory_win.cc(73)] ReadMemory at 0x7ff91aec0000 of 64 bytes failed: Only part of a ReadProcessMemory or WriteProcessMemory request was completed. (0x12B)
[0927/225232.574:WARNING:pe_image_reader.cc(340)] could not read dos header from C:\WINDOWS\SYSTEM32\SSPICLI.DLL
[0927/225232.574:ERROR:process_memory_win.cc(73)] ReadMemory at 0x7ff91ac00000 of 64 bytes failed: Only part of a ReadProcessMemory or WriteProcessMemory request was completed. (0x12B)
[0927/225232.574:WARNING:pe_image_reader.cc(340)] could not read dos header from C:\WINDOWS\System32\MSASN1.dll
[0927/225232.575:ERROR:process_memory_win.cc(73)] ReadMemory at 0x7ff91b850000 of 64 bytes failed: Only part of a ReadProcessMemory or WriteProcessMemory request was completed. (0x12B)
[0927/225232.575:WARNING:pe_image_reader.cc(340)] could not read dos header from C:\WINDOWS\System32\bcryptPrimitives.dll
[0927/225232.575:ERROR:process_memory_win.cc(73)] ReadMemory at 0x7ff91a9f0000 of 64 bytes failed: Only part of a ReadProcessMemory or WriteProcessMemory request was completed. (0x12B)
[0927/225232.575:WARNING:pe_image_reader.cc(340)] could not read dos header from C:\WINDOWS\SYSTEM32\CRYPTBASE.DLL
[0927/225232.602:ERROR:process_memory_win.cc(73)] ReadMemory at 0xaaf2ff9000 of 28672 bytes failed: Only part of a ReadProcessMemory or WriteProcessMemory request was completed. (0x12B)
[0927/225232.602:ERROR:process_memory_win.cc(73)] ReadMemory at 0xaaf37fd000 of 12288 bytes failed: Only part of a ReadProcessMemory or WriteProcessMemory request was completed. (0x12B)
[0927/225232.602:ERROR:process_memory_win.cc(73)] ReadMemory at 0xaaf3ffd000 of 12288 bytes failed: Only part of a ReadProcessMemory or WriteProcessMemory request was completed. (0x12B)
[0927/225232.602:ERROR:process_memory_win.cc(73)] ReadMemory at 0xaaf47fd000 of 12288 bytes failed: Only part of a ReadProcessMemory or WriteProcessMemory request was completed. (0x12B)
[0927/225232.602:ERROR:process_memory_win.cc(73)] ReadMemory at 0xaaf4ffb000 of 20480 bytes failed: Only part of a ReadProcessMemory or WriteProcessMemory request was completed. (0x12B)
[0927/225232.603:ERROR:process_memory_win.cc(73)] ReadMemory at 0xaaf57fe000 of 8192 bytes failed: Only part of a ReadProcessMemory or WriteProcessMemory request was completed. (0x12B)
[0927/225232.603:ERROR:process_memory_win.cc(73)] ReadMemory at 0xaaf5ffd000 of 12288 bytes failed: Only part of a ReadProcessMemory or WriteProcessMemory request was completed. (0x12B)
[0927/225232.603:ERROR:process_memory_win.cc(73)] ReadMemory at 0xaaf67fd000 of 12288 bytes failed: Only part of a ReadProcessMemory or WriteProcessMemory request was completed. (0x12B)
[0927/225232.603:ERROR:process_memory_win.cc(73)] ReadMemory at 0xaaf6ffd000 of 12288 bytes failed: Only part of a ReadProcessMemory or WriteProcessMemory request was completed. (0x12B)
[0927/225232.603:ERROR:process_memory_win.cc(73)] ReadMemory at 0xaaf77fd000 of 12288 bytes failed: Only part of a ReadProcessMemory or WriteProcessMemory request was completed. (0x12B)
[0927/225232.603:ERROR:process_memory_win.cc(73)] ReadMemory at 0xaaf7ffd000 of 12288 bytes failed: Only part of a ReadProcessMemory or WriteProcessMemory request was completed. (0x12B)
[0927/225232.603:ERROR:process_memory_win.cc(73)] ReadMemory at 0xaaf87fd000 of 12288 bytes failed: Only part of a ReadProcessMemory or WriteProcessMemory request was completed. (0x12B)
[0927/225232.603:ERROR:process_memory_win.cc(73)] ReadMemory at 0xaaf8ffd000 of 12288 bytes failed: Only part of a ReadProcessMemory or WriteProcessMemory request was completed. (0x12B)
[0927/225232.604:ERROR:process_memory_win.cc(73)] ReadMemory at 0xaaf97fd000 of 12288 bytes failed: Only part of a ReadProcessMemory or WriteProcessMemory request was completed. (0x12B)
[0927/225232.604:ERROR:process_memory_win.cc(73)] ReadMemory at 0xaaf9ffd000 of 12288 bytes failed: Only part of a ReadProcessMemory or WriteProcessMemory request was completed. (0x12B)
[0927/225232.604:ERROR:process_memory_win.cc(73)] ReadMemory at 0xaafa7fd000 of 12288 bytes failed: Only part of a ReadProcessMemory or WriteProcessMemory request was completed. (0x12B)
[0927/225232.604:ERROR:process_memory_win.cc(73)] ReadMemory at 0xaaf27da000 of 852 bytes failed: Only part of a ReadProcessMemory or WriteProcessMemory request was completed. (0x12B)
[0927/225232.604:ERROR:process_memory_win.cc(73)] ReadMemory at 0xaaf27db000 of 6024 bytes failed: Only part of a ReadProcessMemory or WriteProcessMemory request was completed. (0x12B)
[0927/225232.604:ERROR:process_memory_win.cc(73)] ReadMemory at 0xaaf27dd000 of 6024 bytes failed: Only part of a ReadProcessMemory or WriteProcessMemory request was completed. (0x12B)
[0927/225232.605:ERROR:process_memory_win.cc(73)] ReadMemory at 0xaaf27df000 of 6024 bytes failed: Only part of a ReadProcessMemory or WriteProcessMemory request was completed. (0x12B)
[0927/225232.605:ERROR:process_memory_win.cc(73)] ReadMemory at 0xaaf27e1000 of 6024 bytes failed: Only part of a ReadProcessMemory or WriteProcessMemory request was completed. (0x12B)
[0927/225232.605:ERROR:process_memory_win.cc(73)] ReadMemory at 0xaaf27e3000 of 6024 bytes failed: Only part of a ReadProcessMemory or WriteProcessMemory request was completed. (0x12B)
[0927/225232.605:ERROR:process_memory_win.cc(73)] ReadMemory at 0xaaf27e5000 of 6024 bytes failed: Only part of a ReadProcessMemory or WriteProcessMemory request was completed. (0x12B)
[0927/225232.605:ERROR:process_memory_win.cc(73)] ReadMemory at 0xaaf27e7000 of 6024 bytes failed: Only part of a ReadProcessMemory or WriteProcessMemory request was completed. (0x12B)
[0927/225232.605:ERROR:process_memory_win.cc(73)] ReadMemory at 0xaaf27e9000 of 6024 bytes failed: Only part of a ReadProcessMemory or WriteProcessMemory request was completed. (0x12B)
[0927/225232.605:ERROR:process_memory_win.cc(73)] ReadMemory at 0xaaf27eb000 of 6024 bytes failed: Only part of a ReadProcessMemory or WriteProcessMemory request was completed. (0x12B)
[0927/225232.605:ERROR:process_memory_win.cc(73)] ReadMemory at 0xaaf27ed000 of 6024 bytes failed: Only part of a ReadProcessMemory or WriteProcessMemory request was completed. (0x12B)
[0927/225232.606:ERROR:process_memory_win.cc(73)] ReadMemory at 0xaaf27ef000 of 6024 bytes failed: Only part of a ReadProcessMemory or WriteProcessMemory request was completed. (0x12B)
[0927/225232.606:ERROR:process_memory_win.cc(73)] ReadMemory at 0xaaf27f1000 of 6024 bytes failed: Only part of a ReadProcessMemory or WriteProcessMemory request was completed. (0x12B)
[0927/225232.606:ERROR:process_memory_win.cc(73)] ReadMemory at 0xaaf27f3000 of 6024 bytes failed: Only part of a ReadProcessMemory or WriteProcessMemory request was completed. (0x12B)
[0927/225232.606:ERROR:process_memory_win.cc(73)] ReadMemory at 0xaaf27f5000 of 6024 bytes failed: Only part of a ReadProcessMemory or WriteProcessMemory request was completed. (0x12B)
[0927/225232.606:ERROR:process_memory_win.cc(73)] ReadMemory at 0xaaf27f7000 of 6024 bytes failed: Only part of a ReadProcessMemory or WriteProcessMemory request was completed. (0x12B)
[0927/225232.606:ERROR:process_memory_win.cc(73)] ReadMemory at 0xaaf27f9000 of 6024 bytes failed: Only part of a ReadProcessMemory or WriteProcessMemory request was completed. (0x12B)
[0927/225232.606:ERROR:process_memory_win.cc(73)] ReadMemory at 0x2588a7e0000 of 384 bytes failed: Only part of a ReadProcessMemory or WriteProcessMemory request was completed. (0x12B)
[0927/225232.607:ERROR:process_memory_win.cc(73)] ReadMemory at 0x2588a7e0fe0 of 6288 bytes failed: Only part of a ReadProcessMemory or WriteProcessMemory request was completed. (0x12B)
[0927/225232.607:ERROR:process_memory_win.cc(73)] ReadMemory at 0x2588a7e2880 of 1012 bytes failed: Only part of a ReadProcessMemory or WriteProcessMemory request was completed. (0x12B)
[0927/225232.607:ERROR:process_memory_win.cc(73)] ReadMemory at 0x2588a7e2ec8 of 106 bytes failed: Only part of a ReadProcessMemory or WriteProcessMemory request was completed. (0x12B)
[0927/225232.607:ERROR:process_memory_win.cc(73)] ReadMemory at 0x2588a7e2f34 of 796 bytes failed: Only part of a ReadProcessMemory or WriteProcessMemory request was completed. (0x12B)
[0927/225232.607:ERROR:process_memory_win.cc(73)] ReadMemory at 0x2588a7e3252 of 106 bytes failed: Only part of a ReadProcessMemory or WriteProcessMemory request was completed. (0x12B)
[0927/225232.607:ERROR:process_memory_win.cc(73)] ReadMemory at 0x2588a7e32be of 100 bytes failed: Only part of a ReadProcessMemory or WriteProcessMemory request was completed. (0x12B)
[0927/225232.607:ERROR:process_memory_win.cc(73)] ReadMemory at 0x2588a7e3330 of 58 bytes failed: Only part of a ReadProcessMemory or WriteProcessMemory request was completed. (0x12B)
[0927/225232.607:ERROR:process_memory_win.cc(73)] ReadMemory at 0x2588a7e3430 of 132 bytes failed: Only part of a ReadProcessMemory or WriteProcessMemory request was completed. (0x12B)
[0927/225232.608:ERROR:process_memory_win.cc(73)] ReadMemory at 0x2588a7e35c0 of 132 bytes failed: Only part of a ReadProcessMemory or WriteProcessMemory request was completed. (0x12B)
[0927/225232.608:ERROR:process_memory_win.cc(73)] ReadMemory at 0x2588a7e3780 of 114 bytes failed: Only part of a ReadProcessMemory or WriteProcessMemory request was completed. (0x12B)
[0927/225232.608:ERROR:process_memory_win.cc(73)] ReadMemory at 0x2588a7e3b60 of 132 bytes failed: Only part of a ReadProcessMemory or WriteProcessMemory request was completed. (0x12B)
[0927/225232.608:ERROR:process_memory_win.cc(73)] ReadMemory at 0x2588a7e3cf0 of 64 bytes failed: Only part of a ReadProcessMemory or WriteProcessMemory request was completed. (0x12B)
[0927/225232.608:ERROR:process_memory_win.cc(73)] ReadMemory at 0x2588a7e3ea0 of 132 bytes failed: Only part of a ReadProcessMemory or WriteProcessMemory request was completed. (0x12B)
[0927/225232.608:ERROR:process_memory_win.cc(73)] ReadMemory at 0x2588a7e4170 of 132 bytes failed: Only part of a ReadProcessMemory or WriteProcessMemory request was completed. (0x12B)
[0927/225232.608:ERROR:process_memory_win.cc(73)] ReadMemory at 0x2588a7e4300 of 68 bytes failed: Only part of a ReadProcessMemory or WriteProcessMemory request was completed. (0x12B)
[0927/225232.609:ERROR:process_memory_win.cc(73)] ReadMemory at 0x2588a7e5380 of 132 bytes failed: Only part of a ReadProcessMemory or WriteProcessMemory request was completed. (0x12B)
[0927/225232.609:ERROR:process_memory_win.cc(73)] ReadMemory at 0x2588a7e54b0 of 142 bytes failed: Only part of a ReadProcessMemory or WriteProcessMemory request was completed. (0x12B)
[0927/225232.609:ERROR:process_memory_win.cc(73)] ReadMemory at 0x2588a7e6310 of 60 bytes failed: Only part of a ReadProcessMemory or WriteProcessMemory request was completed. (0x12B)
[0927/225232.609:ERROR:process_memory_win.cc(73)] ReadMemory at 0x2588a7e6360 of 62 bytes failed: Only part of a ReadProcessMemory or WriteProcessMemory request was completed. (0x12B)
[0927/225232.609:ERROR:process_memory_win.cc(73)] ReadMemory at 0x2588a7e6550 of 132 bytes failed: Only part of a ReadProcessMemory or WriteProcessMemory request was completed. (0x12B)
[0927/225232.609:ERROR:process_memory_win.cc(73)] ReadMemory at 0x2588a7efa80 of 60 bytes failed: Only part of a ReadProcessMemory or WriteProcessMemory request was completed. (0x12B)
[0927/225232.609:ERROR:process_memory_win.cc(73)] ReadMemory at 0x2588a7efd40 of 80 bytes failed: Only part of a ReadProcessMemory or WriteProcessMemory request was completed. (0x12B)
[0927/225232.609:ERROR:process_memory_win.cc(73)] ReadMemory at 0x2588a7f4240 of 132 bytes failed: Only part of a ReadProcessMemory or WriteProcessMemory request was completed. (0x12B)
[0927/225232.610:ERROR:process_memory_win.cc(73)] ReadMemory at 0x2588a7f4370 of 134 bytes failed: Only part of a ReadProcessMemory or WriteProcessMemory request was completed. (0x12B)
[0927/225232.610:ERROR:process_memory_win.cc(73)] ReadMemory at 0x2588a7f4450 of 132 bytes failed: Only part of a ReadProcessMemory or WriteProcessMemory request was completed. (0x12B)
[0927/225232.610:ERROR:process_memory_win.cc(73)] ReadMemory at 0x2588a7f4da0 of 132 bytes failed: Only part of a ReadProcessMemory or WriteProcessMemory request was completed. (0x12B)
[0927/225232.610:ERROR:process_memory_win.cc(73)] ReadMemory at 0x2588a7f5e70 of 132 bytes failed: Only part of a ReadProcessMemory or WriteProcessMemory request was completed. (0x12B)
[0927/225232.610:ERROR:process_memory_win.cc(73)] ReadMemory at 0x2588a7f6190 of 132 bytes failed: Only part of a ReadProcessMemory or WriteProcessMemory request was completed. (0x12B)
[0927/225232.610:ERROR:process_memory_win.cc(73)] ReadMemory at 0x2588a7f63b0 of 132 bytes failed: Only part of a ReadProcessMemory or WriteProcessMemory request was completed. (0x12B)
[0927/225232.610:ERROR:process_memory_win.cc(73)] ReadMemory at 0x2588a7f6700 of 132 bytes failed: Only part of a ReadProcessMemory or WriteProcessMemory request was completed. (0x12B)
[0927/225232.610:ERROR:process_memory_win.cc(73)] ReadMemory at 0x2588a7f6910 of 132 bytes failed: Only part of a ReadProcessMemory or WriteProcessMemory request was completed. (0x12B)
[0927/225232.611:ERROR:process_memory_win.cc(73)] ReadMemory at 0x2588a7f6c40 of 132 bytes failed: Only part of a ReadProcessMemory or WriteProcessMemory request was completed. (0x12B)
[0927/225232.611:ERROR:process_memory_win.cc(73)] ReadMemory at 0x2588a7f6d70 of 132 bytes failed: Only part of a ReadProcessMemory or WriteProcessMemory request was completed. (0x12B)
[0927/225232.611:ERROR:process_memory_win.cc(73)] ReadMemory at 0x2588a7f6ea0 of 132 bytes failed: Only part of a ReadProcessMemory or WriteProcessMemory request was completed. (0x12B)
[0927/225232.611:ERROR:process_memory_win.cc(73)] ReadMemory at 0x2588a7f6fd0 of 132 bytes failed: Only part of a ReadProcessMemory or WriteProcessMemory request was completed. (0x12B)
[0927/225232.611:ERROR:process_memory_win.cc(73)] ReadMemory at 0x2588a7f7100 of 132 bytes failed: Only part of a ReadProcessMemory or WriteProcessMemory request was completed. (0x12B)
[0927/225232.611:ERROR:process_memory_win.cc(73)] ReadMemory at 0x2588a7f7230 of 132 bytes failed: Only part of a ReadProcessMemory or WriteProcessMemory request was completed. (0x12B)
[0927/225232.611:ERROR:process_memory_win.cc(73)] ReadMemory at 0x2588a7f7360 of 132 bytes failed: Only part of a ReadProcessMemory or WriteProcessMemory request was completed. (0x12B)
[0927/225232.612:ERROR:process_memory_win.cc(73)] ReadMemory at 0x2588a7f7490 of 132 bytes failed: Only part of a ReadProcessMemory or WriteProcessMemory request was completed. (0x12B)
[0927/225232.612:ERROR:process_memory_win.cc(73)] ReadMemory at 0x2588a7f75c0 of 132 bytes failed: Only part of a ReadProcessMemory or WriteProcessMemory request was completed. (0x12B)
[0927/225232.612:ERROR:process_memory_win.cc(73)] ReadMemory at 0x2588a7f76f0 of 132 bytes failed: Only part of a ReadProcessMemory or WriteProcessMemory request was completed. (0x12B)
[0927/225232.612:ERROR:process_memory_win.cc(73)] ReadMemory at 0x2588a7f7820 of 132 bytes failed: Only part of a ReadProcessMemory or WriteProcessMemory request was completed. (0x12B)
[0927/225232.612:ERROR:process_memory_win.cc(73)] ReadMemory at 0x2588a7f7950 of 132 bytes failed: Only part of a ReadProcessMemory or WriteProcessMemory request was completed. (0x12B)
[0927/225232.612:ERROR:process_memory_win.cc(73)] ReadMemory at 0x2588a7f7a80 of 132 bytes failed: Only part of a ReadProcessMemory or WriteProcessMemory request was completed. (0x12B)
[0927/225232.612:ERROR:process_memory_win.cc(73)] ReadMemory at 0x2588a7fae10 of 132 bytes failed: Only part of a ReadProcessMemory or WriteProcessMemory request was completed. (0x12B)
[0927/225232.612:ERROR:process_memory_win.cc(73)] ReadMemory at 0x2588a7fd000 of 62 bytes failed: Only part of a ReadProcessMemory or WriteProcessMemory request was completed. (0x12B)
[0927/225232.612:ERROR:process_memory_win.cc(73)] ReadMemory at 0x2588a7fd1e0 of 62 bytes failed: Only part of a ReadProcessMemory or WriteProcessMemory request was completed. (0x12B)
[0927/225232.612:ERROR:process_memory_win.cc(73)] ReadMemory at 0x2588a7fd230 of 64 bytes failed: Only part of a ReadProcessMemory or WriteProcessMemory request was completed. (0x12B)
[0927/225232.613:ERROR:process_memory_win.cc(73)] ReadMemory at 0x2588a7fd2d0 of 60 bytes failed: Only part of a ReadProcessMemory or WriteProcessMemory request was completed. (0x12B)
[0927/225232.613:ERROR:process_memory_win.cc(73)] ReadMemory at 0x2588a7fd3c0 of 60 bytes failed: Only part of a ReadProcessMemory or WriteProcessMemory request was completed. (0x12B)
[0927/225232.613:ERROR:process_memory_win.cc(73)] ReadMemory at 0x2588a7fd460 of 66 bytes failed: Only part of a ReadProcessMemory or WriteProcessMemory request was completed. (0x12B)
[0927/225232.613:ERROR:process_memory_win.cc(73)] ReadMemory at 0x2588a7fd500 of 62 bytes failed: Only part of a ReadProcessMemory or WriteProcessMemory request was completed. (0x12B)
[0927/225232.613:ERROR:process_memory_win.cc(73)] ReadMemory at 0x2588a7fd550 of 64 bytes failed: Only part of a ReadProcessMemory or WriteProcessMemory request was completed. (0x12B)
[0927/225232.613:ERROR:process_memory_win.cc(73)] ReadMemory at 0x2588a7fd5f0 of 64 bytes failed: Only part of a ReadProcessMemory or WriteProcessMemory request was completed. (0x12B)
[0927/225232.613:ERROR:process_memory_win.cc(73)] ReadMemory at 0x2588a7fd820 of 58 bytes failed: Only part of a ReadProcessMemory or WriteProcessMemory request was completed. (0x12B)
[0927/225232.613:ERROR:process_memory_win.cc(73)] ReadMemory at 0x2588a7fd910 of 64 bytes failed: Only part of a ReadProcessMemory or WriteProcessMemory request was completed. (0x12B)
[0927/225232.614:ERROR:process_memory_win.cc(73)] ReadMemory at 0x2588a7fd960 of 62 bytes failed: Only part of a ReadProcessMemory or WriteProcessMemory request was completed. (0x12B)
[0927/225232.614:ERROR:process_memory_win.cc(73)] ReadMemory at 0x2588a7fd9b0 of 62 bytes failed: Only part of a ReadProcessMemory or WriteProcessMemory request was completed. (0x12B)
[0927/225232.614:ERROR:process_memory_win.cc(73)] ReadMemory at 0x2588a7fda50 of 62 bytes failed: Only part of a ReadProcessMemory or WriteProcessMemory request was completed. (0x12B)
[0927/225232.614:ERROR:process_memory_win.cc(73)] ReadMemory at 0x2588a7fdaa0 of 60 bytes failed: Only part of a ReadProcessMemory or WriteProcessMemory request was completed. (0x12B)
[0927/225232.614:ERROR:process_memory_win.cc(73)] ReadMemory at 0x2588a7fdb40 of 64 bytes failed: Only part of a ReadProcessMemory or WriteProcessMemory request was completed. (0x12B)
[0927/225232.614:ERROR:process_memory_win.cc(73)] ReadMemory at 0x2588a7fdb90 of 62 bytes failed: Only part of a ReadProcessMemory or WriteProcessMemory request was completed. (0x12B)
[0927/225232.614:ERROR:process_memory_win.cc(73)] ReadMemory at 0x2588a7fdc80 of 64 bytes failed: Only part of a ReadProcessMemory or WriteProcessMemory request was completed. (0x12B)
[0927/225232.614:ERROR:process_memory_win.cc(73)] ReadMemory at 0x2588a7fde10 of 64 bytes failed: Only part of a ReadProcessMemory or WriteProcessMemory request was completed. (0x12B)
[0927/225232.614:ERROR:process_memory_win.cc(73)] ReadMemory at 0x2588a7fdeb0 of 62 bytes failed: Only part of a ReadProcessMemory or WriteProcessMemory request was completed. (0x12B)
[0927/225232.615:ERROR:process_memory_win.cc(73)] ReadMemory at 0x2588a7fdf00 of 62 bytes failed: Only part of a ReadProcessMemory or WriteProcessMemory request was completed. (0x12B)
[0927/225232.615:ERROR:process_memory_win.cc(73)] ReadMemory at 0x2588a803190 of 132 bytes failed: Only part of a ReadProcessMemory or WriteProcessMemory request was completed. (0x12B)
[0927/225232.615:ERROR:process_memory_win.cc(73)] ReadMemory at 0x2588a803fd0 of 132 bytes failed: Only part of a ReadProcessMemory or WriteProcessMemory request was completed. (0x12B)
[0927/225232.615:ERROR:process_memory_win.cc(73)] ReadMemory at 0x2588a8045c0 of 132 bytes failed: Only part of a ReadProcessMemory or WriteProcessMemory request was completed. (0x12B)
[0927/225232.615:ERROR:process_memory_win.cc(73)] ReadMemory at 0x2588a807c10 of 80 bytes failed: Only part of a ReadProcessMemory or WriteProcessMemory request was completed. (0x12B)
[0927/225232.615:ERROR:process_memory_win.cc(73)] ReadMemory at 0x2588a848640 of 512 bytes failed: Only part of a ReadProcessMemory or WriteProcessMemory request was completed. (0x12B)
[0927/225232.615:ERROR:process_memory_win.cc(73)] ReadMemory at 0x2588a849ac0 of 512 bytes failed: Only part of a ReadProcessMemory or WriteProcessMemory request was completed. (0x12B)
[0927/225232.615:ERROR:process_memory_win.cc(73)] ReadMemory at 0x2588a85f3c0 of 512 bytes failed: Only part of a ReadProcessMemory or WriteProcessMemory request was completed. (0x12B)
[0927/225232.615:ERROR:process_memory_win.cc(73)] ReadMemory at 0x2588a869a50 of 512 bytes failed: Only part of a ReadProcessMemory or WriteProcessMemory request was completed. (0x12B)
[0927/225232.615:ERROR:process_memory_win.cc(73)] ReadMemory at 0x2588a8798b0 of 512 bytes failed: Only part of a ReadProcessMemory or WriteProcessMemory request was completed. (0x12B)
[0927/225232.616:ERROR:process_memory_win.cc(73)] ReadMemory at 0x2588a87ae10 of 512 bytes failed: Only part of a ReadProcessMemory or WriteProcessMemory request was completed. (0x12B)
[0927/225232.616:ERROR:process_memory_win.cc(73)] ReadMemory at 0x2588a881220 of 512 bytes failed: Only part of a ReadProcessMemory or WriteProcessMemory request was completed. (0x12B)
[0927/225232.616:ERROR:process_memory_win.cc(73)] ReadMemory at 0x2588a88fd00 of 512 bytes failed: Only part of a ReadProcessMemory or WriteProcessMemory request was completed. (0x12B)
[0927/225232.616:ERROR:process_memory_win.cc(73)] ReadMemory at 0x2588a893870 of 512 bytes failed: Only part of a ReadProcessMemory or WriteProcessMemory request was completed. (0x12B)
[0927/225232.616:ERROR:process_memory_win.cc(73)] ReadMemory at 0x2588a894370 of 512 bytes failed: Only part of a ReadProcessMemory or WriteProcessMemory request was completed. (0x12B)
[0927/225232.616:ERROR:process_memory_win.cc(73)] ReadMemory at 0x2588a8954d0 of 712 bytes failed: Only part of a ReadProcessMemory or WriteProcessMemory request was completed. (0x12B)
[0927/225232.616:ERROR:process_memory_win.cc(73)] ReadMemory at 0x2588a8cb230 of 512 bytes failed: Only part of a ReadProcessMemory or WriteProcessMemory request was completed. (0x12B)
[0927/225232.616:ERROR:process_memory_win.cc(73)] ReadMemory at 0x2588a8e0e80 of 512 bytes failed: Only part of a ReadProcessMemory or WriteProcessMemory request was completed. (0x12B)
[0927/225232.616:ERROR:process_memory_win.cc(73)] ReadMemory at 0x2588a8e2980 of 512 bytes failed: Only part of a ReadProcessMemory or WriteProcessMemory request was completed. (0x12B)
[0927/225232.617:ERROR:process_memory_win.cc(73)] ReadMemory at 0x2588c428820 of 512 bytes failed: Only part of a ReadProcessMemory or WriteProcessMemory request was completed. (0x12B)
[0927/225232.617:ERROR:process_memory_win.cc(73)] ReadMemory at 0x2588c43eed8 of 512 bytes failed: Only part of a ReadProcessMemory or WriteProcessMemory request was completed. (0x12B)
[0927/225232.617:ERROR:process_memory_win.cc(73)] ReadMemory at 0x2588c43f7d0 of 512 bytes failed: Only part of a ReadProcessMemory or WriteProcessMemory request was completed. (0x12B)
[0927/225232.617:ERROR:process_memory_win.cc(73)] ReadMemory at 0x2588c441160 of 512 bytes failed: Only part of a ReadProcessMemory or WriteProcessMemory request was completed. (0x12B)
[0927/225232.617:ERROR:process_memory_win.cc(73)] ReadMemory at 0x2588c462f80 of 512 bytes failed: Only part of a ReadProcessMemory or WriteProcessMemory request was completed. (0x12B)
[0927/225232.617:ERROR:process_memory_win.cc(73)] ReadMemory at 0x7ff8b039eabd of 512 bytes failed: Only part of a ReadProcessMemory or WriteProcessMemory request was completed. (0x12B)
[0927/225232.617:ERROR:process_memory_win.cc(73)] ReadMemory at 0x7ff8b0c48ef0 of 540 bytes failed: Only part of a ReadProcessMemory or WriteProcessMemory request was completed. (0x12B)
[0927/225232.617:ERROR:process_memory_win.cc(73)] ReadMemory at 0x7ff8b5faaa81 of 512 bytes failed: Only part of a ReadProcessMemory or WriteProcessMemory request was completed. (0x12B)
[0927/225232.617:ERROR:process_memory_win.cc(73)] ReadMemory at 0x7ff8b5fc9f50 of 512 bytes failed: Only part of a ReadProcessMemory or WriteProcessMemory request was completed. (0x12B)
[0927/225232.618:ERROR:process_memory_win.cc(73)] ReadMemory at 0x7ff91b55c758 of 512 bytes failed: Only part of a ReadProcessMemory or WriteProcessMemory request was completed. (0x12B)
[0927/225232.618:ERROR:process_memory_win.cc(73)] ReadMemory at 0x7ff91c2149f0 of 512 bytes failed: Only part of a ReadProcessMemory or WriteProcessMemory request was completed. (0x12B)
[0927/225232.618:ERROR:process_memory_win.cc(73)] ReadMemory at 0x7ff91d96bdc4 of 672 bytes failed: Only part of a ReadProcessMemory or WriteProcessMemory request was completed. (0x12B)
[0927/225232.618:ERROR:process_memory_win.cc(73)] ReadMemory at 0x7ff91d96c3c4 of 512 bytes failed: Only part of a ReadProcessMemory or WriteProcessMemory request was completed. (0x12B)
[0927/225232.618:ERROR:process_memory_win.cc(73)] ReadMemory at 0x7ff91d96f734 of 608 bytes failed: Only part of a ReadProcessMemory or WriteProcessMemory request was completed. (0x12B)
[0927/225232.618:ERROR:process_memory_win.cc(73)] ReadMemory at 0x7ff91da006e0 of 18 bytes failed: Only part of a ReadProcessMemory or WriteProcessMemory request was completed. (0x12B)
[0927/225232.618:ERROR:process_memory_win.cc(73)] ReadMemory at 0x7ff91da344f8 of 40 bytes failed: Only part of a ReadProcessMemory or WriteProcessMemory request was completed. (0x12B)
[0927/225232.618:ERROR:process_memory_win.cc(73)] ReadMemory at 0x7ff91da34978 of 48 bytes failed: Only part of a ReadProcessMemory or WriteProcessMemory request was completed. (0x12B)
[0927/225232.618:ERROR:process_memory_win.cc(73)] ReadMemory at 0x7ff91da3a4c0 of 64 bytes failed: Only part of a ReadProcessMemory or WriteProcessMemory request was completed. (0x12B)
[0927/225232.623:ERROR:scoped_process_suspend.cc(40)] NtResumeProcess: An attempt was made to access an exiting process. (0xc000010a)
